# JRE version: Java(TM) SE Runtime Environment (23.0.1+11) (build 23.0.1+11-39)
# Java VM: Java HotSpot(TM) 64-Bit Server VM (23.0.1+11-39, mixed mode, sharing, tiered, compressed oops, compressed class ptrs, g1 gc, windows-amd64)
GC Precious Log:
 CardTable entry size: 512
 Card Set container configuration: InlinePtr #cards 4 size 8 Array Of Cards #cards 16 size 48 Howl #buckets 8 coarsen threshold 3686 Howl Bitmap #cards 512 size 80 coarsen threshold 460 Card regions per heap region 1 cards per card region 4096
 CPUs: 16 total, 16 available
 Memory: 15693M
 Large Page Support: Disabled
 NUMA Support: Disabled
 Compressed Oops: Enabled (Zero based)
 Heap Region Size: 2M
 Heap Min Capacity: 8M
 Heap Initial Capacity: 246M
 Heap Max Capacity: 3924M
 Pre-touch: Disabled
 Parallel Workers: 13
 Concurrent Workers: 3
 Concurrent Refinement Workers: 13
 Periodic GC: Disabled
Heap:
 garbage-first heap   total reserved 4018176K, committed 65536K, used 53279K [0x000000070ac00000, 0x0000000800000000)
  region size 2048K, 11 young (22528K), 1 survivors (2048K)
 Metaspace       used 82781K, committed 83520K, reserved 1179648K
  class space    used 11086K, committed 11392K, reserved 1048576K
GC Heap History (20 events):
Event: 366.694 GC heap before
{Heap before GC invocations=69 (full 0):
 garbage-first heap   total reserved 4018176K, committed 65536K, used 53245K [0x000000070ac00000, 0x0000000800000000)
  region size 2048K, 11 young (22528K), 1 survivors (2048K)
 Metaspace       used 82776K, committed 83520K, reserved 1179648K
  class space    used 11086K, committed 11392K, reserved 1048576K
}
Event: 366.696 GC heap after
{Heap after GC invocations=70 (full 0):
 garbage-first heap   total reserved 4018176K, committed 65536K, used 34799K [0x000000070ac00000, 0x0000000800000000)
  region size 2048K, 1 young (2048K), 1 survivors (2048K)
 Metaspace       used 82776K, committed 83520K, reserved 1179648K
  class space    used 11086K, committed 11392K, reserved 1048576K
}
Event: 367.759 GC heap before
{Heap before GC invocations=71 (full 0):
 garbage-first heap   total reserved 4018176K, committed 65536K, used 53231K [0x000000070ac00000, 0x0000000800000000)
  region size 2048K, 11 young (22528K), 1 survivors (2048K)
 Metaspace       used 82776K, committed 83520K, reserved 1179648K
  class space    used 11086K, committed 11392K, reserved 1048576K
}
Event: 367.760 GC heap after
{Heap after GC invocations=72 (full 0):
 garbage-first heap   total reserved 4018176K, committed 65536K, used 34831K [0x000000070ac00000, 0x0000000800000000)
  region size 2048K, 1 young (2048K), 1 survivors (2048K)
 Metaspace       used 82776K, committed 83520K, reserved 1179648K
  class space    used 11086K, committed 11392K, reserved 1048576K
}
Event: 368.898 GC heap before
{Heap before GC invocations=72 (full 0):
 garbage-first heap   total reserved 4018176K, committed 65536K, used 53263K [0x000000070ac00000, 0x0000000800000000)
  region size 2048K, 11 young (22528K), 1 survivors (2048K)
 Metaspace       used 82776K, committed 83520K, reserved 1179648K
  class space    used 11086K, committed 11392K, reserved 1048576K
}
Event: 368.900 GC heap after
{Heap after GC invocations=73 (full 0):
 garbage-first heap   total reserved 4018176K, committed 65536K, used 34815K [0x000000070ac00000, 0x0000000800000000)
  region size 2048K, 1 young (2048K), 1 survivors (2048K)
 Metaspace       used 82776K, committed 83520K, reserved 1179648K
  class space    used 11086K, committed 11392K, reserved 1048576K
}
Event: 369.916 GC heap before
{Heap before GC invocations=74 (full 0):
 garbage-first heap   total reserved 4018176K, committed 65536K, used 55295K [0x000000070ac00000, 0x0000000800000000)
  region size 2048K, 11 young (22528K), 1 survivors (2048K)
 Metaspace       used 82776K, committed 83520K, reserved 1179648K
  class space    used 11086K, committed 11392K, reserved 1048576K
}
Event: 369.918 GC heap after
{Heap after GC invocations=75 (full 0):
 garbage-first heap   total reserved 4018176K, committed 65536K, used 34821K [0x000000070ac00000, 0x0000000800000000)
  region size 2048K, 1 young (2048K), 1 survivors (2048K)
 Metaspace       used 82776K, committed 83520K, reserved 1179648K
  class space    used 11086K, committed 11392K, reserved 1048576K
}
Event: 370.914 GC heap before
{Heap before GC invocations=75 (full 0):
 garbage-first heap   total reserved 4018176K, committed 65536K, used 53253K [0x000000070ac00000, 0x0000000800000000)
  region size 2048K, 11 young (22528K), 1 survivors (2048K)
 Metaspace       used 82776K, committed 83520K, reserved 1179648K
  class space    used 11086K, committed 11392K, reserved 1048576K
}
Event: 370.916 GC heap after
{Heap after GC invocations=76 (full 0):
 garbage-first heap   total reserved 4018176K, committed 65536K, used 34825K [0x000000070ac00000, 0x0000000800000000)
  region size 2048K, 1 young (2048K), 1 survivors (2048K)
 Metaspace       used 82776K, committed 83520K, reserved 1179648K
  class space    used 11086K, committed 11392K, reserved 1048576K
}
Event: 371.920 GC heap before
{Heap before GC invocations=77 (full 0):
 garbage-first heap   total reserved 4018176K, committed 65536K, used 53257K [0x000000070ac00000, 0x0000000800000000)
  region size 2048K, 11 young (22528K), 1 survivors (2048K)
 Metaspace       used 82776K, committed 83520K, reserved 1179648K
  class space    used 11086K, committed 11392K, reserved 1048576K
}
Event: 371.922 GC heap after
{Heap after GC invocations=78 (full 0):
 garbage-first heap   total reserved 4018176K, committed 65536K, used 34835K [0x000000070ac00000, 0x0000000800000000)
  region size 2048K, 1 young (2048K), 1 survivors (2048K)
 Metaspace       used 82776K, committed 83520K, reserved 1179648K
  class space    used 11086K, committed 11392K, reserved 1048576K
}
Event: 372.910 GC heap before
{Heap before GC invocations=78 (full 0):
 garbage-first heap   total reserved 4018176K, committed 65536K, used 53267K [0x000000070ac00000, 0x0000000800000000)
  region size 2048K, 11 young (22528K), 1 survivors (2048K)
 Metaspace       used 82776K, committed 83520K, reserved 1179648K
  class space    used 11086K, committed 11392K, reserved 1048576K
}
Event: 372.911 GC heap after
{Heap after GC invocations=79 (full 0):
 garbage-first heap   total reserved 4018176K, committed 65536K, used 34851K [0x000000070ac00000, 0x0000000800000000)
  region size 2048K, 1 young (2048K), 1 survivors (2048K)
 Metaspace       used 82776K, committed 83520K, reserved 1179648K
  class space    used 11086K, committed 11392K, reserved 1048576K
}
Event: 373.929 GC heap before
{Heap before GC invocations=80 (full 0):
 garbage-first heap   total reserved 4018176K, committed 65536K, used 53283K [0x000000070ac00000, 0x0000000800000000)
  region size 2048K, 11 young (22528K), 1 survivors (2048K)
 Metaspace       used 82776K, committed 83520K, reserved 1179648K
  class space    used 11086K, committed 11392K, reserved 1048576K
}
Event: 373.930 GC heap after
{Heap after GC invocations=81 (full 0):
 garbage-first heap   total reserved 4018176K, committed 65536K, used 34837K [0x000000070ac00000, 0x0000000800000000)
  region size 2048K, 1 young (2048K), 1 survivors (2048K)
 Metaspace       used 82776K, committed 83520K, reserved 1179648K
  class space    used 11086K, committed 11392K, reserved 1048576K
}
Event: 374.915 GC heap before
{Heap before GC invocations=81 (full 0):
 garbage-first heap   total reserved 4018176K, committed 65536K, used 53269K [0x000000070ac00000, 0x0000000800000000)
  region size 2048K, 11 young (22528K), 1 survivors (2048K)
 Metaspace       used 82781K, committed 83520K, reserved 1179648K
  class space    used 11086K, committed 11392K, reserved 1048576K
}
Event: 374.917 GC heap after
{Heap after GC invocations=82 (full 0):
 garbage-first heap   total reserved 4018176K, committed 65536K, used 34844K [0x000000070ac00000, 0x0000000800000000)
  region size 2048K, 1 young (2048K), 1 survivors (2048K)
 Metaspace       used 82781K, committed 83520K, reserved 1179648K
  class space    used 11086K, committed 11392K, reserved 1048576K
}
Event: 375.959 GC heap before
{Heap before GC invocations=83 (full 0):
 garbage-first heap   total reserved 4018176K, committed 65536K, used 53276K [0x000000070ac00000, 0x0000000800000000)
  region size 2048K, 11 young (22528K), 1 survivors (2048K)
 Metaspace       used 82781K, committed 83520K, reserved 1179648K
  class space    used 11086K, committed 11392K, reserved 1048576K
}
Event: 375.961 GC heap after
{Heap after GC invocations=84 (full 0):
 garbage-first heap   total reserved 4018176K, committed 65536K, used 34847K [0x000000070ac00000, 0x0000000800000000)
  region size 2048K, 1 young (2048K), 1 survivors (2048K)
 Metaspace       used 82781K, committed 83520K, reserved 1179648K
  class space    used 11086K, committed 11392K, reserved 1048576K
}

